<?xml version="1.0" encoding="UTF-8"?>
<!-- Generated by org.testng.reporters.JUnitReportReporter -->
<testsuite hostname="hojhas-MacBook-Pro.local" name="com.masteringselenium.BasicTestWD" tests="4" failures="0" timestamp="16 Jul 2016 13:40:09 GMT" time="21.309" errors="0">
  <testcase name="googleButterExample" time="11.616" classname="com.masteringselenium.BasicTestWD"/>
  <testcase name="googleMilkExample" time="2.531" classname="com.masteringselenium.BasicTestWD"/>
  <testcase name="googleCheezeExample" time="2.928" classname="com.masteringselenium.BasicTestWD"/>
  <testcase name="googleClickHindiExample" time="4.234" classname="com.masteringselenium.BasicTestWD"/>
</testsuite> <!-- com.masteringselenium.BasicTestWD -->
