<?xml version="1.0" encoding="UTF-8"?>
<!-- Generated by org.testng.reporters.JUnitReportReporter -->
<testsuite hostname="hojhas-MacBook-Pro.local" name="com.masteringselenium.BasicTestWD" tests="4" failures="0" timestamp="13 Jul 2016 15:26:21 GMT" time="28.157" errors="0">
  <testcase name="googleClickHindiExample" time="4.314" classname="com.masteringselenium.BasicTestWD"/>
  <testcase name="googleCheezeExample" time="2.880" classname="com.masteringselenium.BasicTestWD"/>
  <testcase name="googleMilkExample" time="4.476" classname="com.masteringselenium.BasicTestWD"/>
  <testcase name="googleButterExample" time="16.487" classname="com.masteringselenium.BasicTestWD"/>
</testsuite> <!-- com.masteringselenium.BasicTestWD -->
