<?xml version="1.0" encoding="UTF-8"?>
<!-- Generated by org.testng.reporters.JUnitReportReporter -->
<testsuite hostname="hojhas-MacBook-Pro.local" name="com.masteringselenium.BasicTestWD" tests="4" failures="0" timestamp="16 Jul 2016 13:48:28 GMT" time="14.642" errors="0">
  <testcase name="googleMilkExample" time="1.965" classname="com.masteringselenium.BasicTestWD"/>
  <testcase name="googleCheezeExample" time="2.558" classname="com.masteringselenium.BasicTestWD"/>
  <testcase name="googleButterExample" time="6.879" classname="com.masteringselenium.BasicTestWD"/>
  <testcase name="googleClickHindiExample" time="3.240" classname="com.masteringselenium.BasicTestWD"/>
</testsuite> <!-- com.masteringselenium.BasicTestWD -->
